C:\USERS\ADMINISTRATOR\DESKTOP\과제폴더\소프트웨어프로젝트 과제\2단계 소프트웨어프로젝트 결과(GUI)\소스코드 및 실행파일\IMAGEPROCESSING\IMAGEPROCESSING\RELEASE\IMAGEPROCESSING.PCH
C:\USERS\ADMINISTRATOR\DESKTOP\과제폴더\소프트웨어프로젝트 과제\2단계 소프트웨어프로젝트 결과(GUI)\소스코드 및 실행파일\IMAGEPROCESSING\IMAGEPROCESSING\RELEASE\STDAFX.OBJ
C:\USERS\ADMINISTRATOR\DESKTOP\과제폴더\소프트웨어프로젝트 과제\2단계 소프트웨어프로젝트 결과(GUI)\소스코드 및 실행파일\IMAGEPROCESSING\IMAGEPROCESSING\RELEASE\VC110.PDB
C:\USERS\ADMINISTRATOR\DESKTOP\과제폴더\소프트웨어프로젝트 과제\2단계 소프트웨어프로젝트 결과(GUI)\소스코드 및 실행파일\IMAGEPROCESSING\IMAGEPROCESSING\RELEASE\IMAGEPROCESSINGVIEW.OBJ
C:\USERS\ADMINISTRATOR\DESKTOP\과제폴더\소프트웨어프로젝트 과제\2단계 소프트웨어프로젝트 결과(GUI)\소스코드 및 실행파일\IMAGEPROCESSING\IMAGEPROCESSING\RELEASE\IMAGEPROCESSINGDOC.OBJ
C:\USERS\ADMINISTRATOR\DESKTOP\과제폴더\소프트웨어프로젝트 과제\2단계 소프트웨어프로젝트 결과(GUI)\소스코드 및 실행파일\IMAGEPROCESSING\IMAGEPROCESSING\RELEASE\IMAGEPROCESSING.OBJ
C:\USERS\ADMINISTRATOR\DESKTOP\과제폴더\소프트웨어프로젝트 과제\2단계 소프트웨어프로젝트 결과(GUI)\소스코드 및 실행파일\IMAGEPROCESSING\IMAGEPROCESSING\RELEASE\MAINFRM.OBJ
C:\USERS\ADMINISTRATOR\DESKTOP\과제폴더\소프트웨어프로젝트 과제\2단계 소프트웨어프로젝트 결과(GUI)\소스코드 및 실행파일\IMAGEPROCESSING\IMAGEPROCESSING\RELEASE\SQUAREDLG.OBJ
C:\USERS\ADMINISTRATOR\DESKTOP\과제폴더\소프트웨어프로젝트 과제\2단계 소프트웨어프로젝트 결과(GUI)\소스코드 및 실행파일\IMAGEPROCESSING\IMAGEPROCESSING\RELEASE\LIGHTADJUSTMENTDLG.OBJ
C:\USERS\ADMINISTRATOR\DESKTOP\과제폴더\소프트웨어프로젝트 과제\2단계 소프트웨어프로젝트 결과(GUI)\소스코드 및 실행파일\IMAGEPROCESSING\RELEASE\IMAGEPROCESSING.EXE
C:\USERS\ADMINISTRATOR\DESKTOP\과제폴더\소프트웨어프로젝트 과제\2단계 소프트웨어프로젝트 결과(GUI)\소스코드 및 실행파일\IMAGEPROCESSING\RELEASE\IMAGEPROCESSING.PDB
C:\USERS\ADMINISTRATOR\DESKTOP\과제폴더\소프트웨어프로젝트 과제\2단계 소프트웨어프로젝트 결과(GUI)\소스코드 및 실행파일\IMAGEPROCESSING\IMAGEPROCESSING\RELEASE\IMAGEPROCESSING.RES
C:\Users\Administrator\Desktop\과제폴더\소프트웨어프로젝트 과제\2단계 소프트웨어프로젝트 결과(GUI)\소스코드 및 실행파일\ImageProcessing\ImageProcessing\Release\ImageProcessing.obj
C:\Users\Administrator\Desktop\과제폴더\소프트웨어프로젝트 과제\2단계 소프트웨어프로젝트 결과(GUI)\소스코드 및 실행파일\ImageProcessing\ImageProcessing\Release\ImageProcessingDoc.obj
C:\Users\Administrator\Desktop\과제폴더\소프트웨어프로젝트 과제\2단계 소프트웨어프로젝트 결과(GUI)\소스코드 및 실행파일\ImageProcessing\ImageProcessing\Release\ImageProcessingView.obj
C:\Users\Administrator\Desktop\과제폴더\소프트웨어프로젝트 과제\2단계 소프트웨어프로젝트 결과(GUI)\소스코드 및 실행파일\ImageProcessing\ImageProcessing\Release\LightAdjustmentDlg.obj
C:\Users\Administrator\Desktop\과제폴더\소프트웨어프로젝트 과제\2단계 소프트웨어프로젝트 결과(GUI)\소스코드 및 실행파일\ImageProcessing\ImageProcessing\Release\MainFrm.obj
C:\Users\Administrator\Desktop\과제폴더\소프트웨어프로젝트 과제\2단계 소프트웨어프로젝트 결과(GUI)\소스코드 및 실행파일\ImageProcessing\ImageProcessing\Release\SquareDlg.obj
C:\Users\Administrator\Desktop\과제폴더\소프트웨어프로젝트 과제\2단계 소프트웨어프로젝트 결과(GUI)\소스코드 및 실행파일\ImageProcessing\ImageProcessing\Release\stdafx.obj
C:\Users\Administrator\Desktop\과제폴더\소프트웨어프로젝트 과제\2단계 소프트웨어프로젝트 결과(GUI)\소스코드 및 실행파일\ImageProcessing\ImageProcessing\Release\cl.command.1.tlog
C:\Users\Administrator\Desktop\과제폴더\소프트웨어프로젝트 과제\2단계 소프트웨어프로젝트 결과(GUI)\소스코드 및 실행파일\ImageProcessing\ImageProcessing\Release\CL.read.1.tlog
C:\Users\Administrator\Desktop\과제폴더\소프트웨어프로젝트 과제\2단계 소프트웨어프로젝트 결과(GUI)\소스코드 및 실행파일\ImageProcessing\ImageProcessing\Release\CL.write.1.tlog
C:\Users\Administrator\Desktop\과제폴더\소프트웨어프로젝트 과제\2단계 소프트웨어프로젝트 결과(GUI)\소스코드 및 실행파일\ImageProcessing\ImageProcessing\Release\link-cvtres.read.1.tlog
C:\Users\Administrator\Desktop\과제폴더\소프트웨어프로젝트 과제\2단계 소프트웨어프로젝트 결과(GUI)\소스코드 및 실행파일\ImageProcessing\ImageProcessing\Release\link-cvtres.write.1.tlog
C:\Users\Administrator\Desktop\과제폴더\소프트웨어프로젝트 과제\2단계 소프트웨어프로젝트 결과(GUI)\소스코드 및 실행파일\ImageProcessing\ImageProcessing\Release\link-mt.read.1.tlog
C:\Users\Administrator\Desktop\과제폴더\소프트웨어프로젝트 과제\2단계 소프트웨어프로젝트 결과(GUI)\소스코드 및 실행파일\ImageProcessing\ImageProcessing\Release\link-mt.write.1.tlog
C:\Users\Administrator\Desktop\과제폴더\소프트웨어프로젝트 과제\2단계 소프트웨어프로젝트 결과(GUI)\소스코드 및 실행파일\ImageProcessing\ImageProcessing\Release\link-rc.read.1.tlog
C:\Users\Administrator\Desktop\과제폴더\소프트웨어프로젝트 과제\2단계 소프트웨어프로젝트 결과(GUI)\소스코드 및 실행파일\ImageProcessing\ImageProcessing\Release\link-rc.write.1.tlog
C:\Users\Administrator\Desktop\과제폴더\소프트웨어프로젝트 과제\2단계 소프트웨어프로젝트 결과(GUI)\소스코드 및 실행파일\ImageProcessing\ImageProcessing\Release\link.command.1.tlog
C:\Users\Administrator\Desktop\과제폴더\소프트웨어프로젝트 과제\2단계 소프트웨어프로젝트 결과(GUI)\소스코드 및 실행파일\ImageProcessing\ImageProcessing\Release\link.read.1.tlog
C:\Users\Administrator\Desktop\과제폴더\소프트웨어프로젝트 과제\2단계 소프트웨어프로젝트 결과(GUI)\소스코드 및 실행파일\ImageProcessing\ImageProcessing\Release\link.write.1.tlog
C:\Users\Administrator\Desktop\과제폴더\소프트웨어프로젝트 과제\2단계 소프트웨어프로젝트 결과(GUI)\소스코드 및 실행파일\ImageProcessing\ImageProcessing\Release\rc.command.1.tlog
C:\Users\Administrator\Desktop\과제폴더\소프트웨어프로젝트 과제\2단계 소프트웨어프로젝트 결과(GUI)\소스코드 및 실행파일\ImageProcessing\ImageProcessing\Release\rc.read.1.tlog
C:\Users\Administrator\Desktop\과제폴더\소프트웨어프로젝트 과제\2단계 소프트웨어프로젝트 결과(GUI)\소스코드 및 실행파일\ImageProcessing\ImageProcessing\Release\rc.write.1.tlog
C:\Users\Administrator\Desktop\과제폴더\소프트웨어프로젝트 과제\2단계 소프트웨어프로젝트 결과(GUI)\소스코드 및 실행파일\ImageProcessing\ImageProcessing\Release\ImageProcessing.res
C:\Users\Administrator\Desktop\과제폴더\소프트웨어프로젝트 과제\2단계 소프트웨어프로젝트 결과(GUI)\소스코드 및 실행파일\ImageProcessing\ImageProcessing\Release\ImageProcessing.pch
C:\Users\Administrator\Desktop\과제폴더\소프트웨어프로젝트 과제\2단계 소프트웨어프로젝트 결과(GUI)\소스코드 및 실행파일\ImageProcessing\ImageProcessing\Release\vc110.pdb
C:\Users\Administrator\Desktop\과제폴더\소프트웨어프로젝트 과제\2단계 소프트웨어프로젝트 결과(GUI)\소스코드 및 실행파일\ImageProcessing\Release\ImageProcessing.pdb
C:\Users\Administrator\Desktop\과제폴더\소프트웨어프로젝트 과제\2단계 소프트웨어프로젝트 결과(GUI)\소스코드 및 실행파일\ImageProcessing\Release\ImageProcessing.exe
